<?xml version="1.0" encoding="UTF-8"?>
<testng-results ignored="0" total="3" passed="1" failed="2" skipped="0">
  <reporter-output>
  </reporter-output>
  <suite started-at="2025-03-12T11:52:35 IST" name="Suite" finished-at="2025-03-12T11:53:03 IST" duration-ms="27560">
    <groups>
      <group name="cucumber">
        <method signature="AbstractTestNGCucumberTests.runScenario(io.cucumber.testng.PickleWrapper,io.cucumber.testng.FeatureWrapper)[pri:0, instance:TestRunner.SampletestNg@235834f2]" name="runScenario" class="io.cucumber.testng.AbstractTestNGCucumberTests"/>
      </group> <!-- cucumber -->
    </groups>
    <test started-at="2025-03-12T11:52:35 IST" name="Test" finished-at="2025-03-12T11:53:03 IST" duration-ms="27560">
      <class name="TestRunner.SampletestNg">
        <test-method is-config="true" signature="setUpClass(org.testng.ITestContext)[pri:0, instance:TestRunner.SampletestNg@235834f2]" started-at="2025-03-12T11:52:35 IST" name="setUpClass" finished-at="2025-03-12T11:52:36 IST" duration-ms="992" status="PASS">
          <params>
            <param index="0">
              <value>
                <![CDATA[org.testng.TestRunner@9b21bd3]]>
              </value>
            </param>
          </params>
          <reporter-output>
          </reporter-output>
        </test-method> <!-- setUpClass -->
        <test-method signature="runScenario(io.cucumber.testng.PickleWrapper,io.cucumber.testng.FeatureWrapper)[pri:0, instance:TestRunner.SampletestNg@235834f2]" started-at="2025-03-12T11:52:36 IST" name="runScenario" description="Runs Cucumber Scenarios" data-provider="scenarios" finished-at="2025-03-12T11:52:43 IST" duration-ms="7054" status="PASS">
          <params>
            <param index="0">
              <value>
                <![CDATA["To check title of the Application"]]>
              </value>
            </param>
            <param index="1">
              <value>
                <![CDATA["Unknown"]]>
              </value>
            </param>
          </params>
          <reporter-output>
          </reporter-output>
        </test-method> <!-- runScenario -->
        <test-method signature="runScenario(io.cucumber.testng.PickleWrapper,io.cucumber.testng.FeatureWrapper)[pri:0, instance:TestRunner.SampletestNg@235834f2]" started-at="2025-03-12T11:52:43 IST" name="runScenario" description="Runs Cucumber Scenarios" data-provider="scenarios" finished-at="2025-03-12T11:52:52 IST" duration-ms="8668" status="FAIL">
          <params>
            <param index="0">
              <value>
                <![CDATA["To check Login functionality of the application"]]>
              </value>
            </param>
            <param index="1">
              <value>
                <![CDATA["Unknown"]]>
              </value>
            </param>
          </params>
          <exception class="java.lang.AssertionError">
            <message>
              <![CDATA[expected [benakba fakhreddine] but found [manda user]]]>
            </message>
            <full-stacktrace>
              <![CDATA[java.lang.AssertionError: expected [benakba fakhreddine] but found [manda user]
at org.testng.Assert.fail(Assert.java:111)
at org.testng.Assert.failNotEquals(Assert.java:1578)
at org.testng.Assert.assertEqualsImpl(Assert.java:150)
at org.testng.Assert.assertEquals(Assert.java:132)
at org.testng.Assert.assertEquals(Assert.java:656)
at org.testng.Assert.assertEquals(Assert.java:666)
at StepDefinition.SecondScenario.user_checks_the_functionality_of_login(SecondScenario.java:32)
at ✽.User checks the functionality of login(file:///C:/Users/svs%20deepak/eclipse-workspace/orangeapplication_pagefactory/src/test/resources/Feature/sample1.feature:15)
]]>
            </full-stacktrace>
          </exception> <!-- java.lang.AssertionError -->
          <reporter-output>
          </reporter-output>
        </test-method> <!-- runScenario -->
        <test-method signature="runScenario(io.cucumber.testng.PickleWrapper,io.cucumber.testng.FeatureWrapper)[pri:0, instance:TestRunner.SampletestNg@235834f2]" started-at="2025-03-12T11:52:52 IST" name="runScenario" description="Runs Cucumber Scenarios" data-provider="scenarios" finished-at="2025-03-12T11:53:03 IST" duration-ms="10577" status="FAIL">
          <params>
            <param index="0">
              <value>
                <![CDATA["To check Login functionality of the application"]]>
              </value>
            </param>
            <param index="1">
              <value>
                <![CDATA["Unknown"]]>
              </value>
            </param>
          </params>
          <exception class="java.lang.AssertionError">
            <message>
              <![CDATA[expected [benakba fakhreddine] but found [manda user]]]>
            </message>
            <full-stacktrace>
              <![CDATA[java.lang.AssertionError: expected [benakba fakhreddine] but found [manda user]
at org.testng.Assert.fail(Assert.java:111)
at org.testng.Assert.failNotEquals(Assert.java:1578)
at org.testng.Assert.assertEqualsImpl(Assert.java:150)
at org.testng.Assert.assertEquals(Assert.java:132)
at org.testng.Assert.assertEquals(Assert.java:656)
at org.testng.Assert.assertEquals(Assert.java:666)
at StepDefinition.SecondScenario.user_checks_the_functionality_of_login(SecondScenario.java:32)
at ✽.User checks the functionality of login(file:///C:/Users/svs%20deepak/eclipse-workspace/orangeapplication_pagefactory/src/test/resources/Feature/sample1.feature:15)
]]>
            </full-stacktrace>
          </exception> <!-- java.lang.AssertionError -->
          <reporter-output>
          </reporter-output>
        </test-method> <!-- runScenario -->
        <test-method is-config="true" signature="tearDownClass()[pri:0, instance:TestRunner.SampletestNg@235834f2]" started-at="2025-03-12T11:53:03 IST" name="tearDownClass" finished-at="2025-03-12T11:53:03 IST" duration-ms="107" status="PASS">
          <reporter-output>
          </reporter-output>
        </test-method> <!-- tearDownClass -->
      </class> <!-- TestRunner.SampletestNg -->
    </test> <!-- Test -->
  </suite> <!-- Suite -->
</testng-results>
