<?xml version="1.0" encoding="UTF-8"?>
<!-- Generated by org.testng.reporters.JUnitXMLReporter -->
<testsuite ignored="0" hostname="LAPTOP-FOPH4DRC" failures="2" tests="3" name="Test" time="27.56" errors="0" timestamp="2025-03-12T11:53:03 IST">
  <testcase classname="io.cucumber.testng.AbstractTestNGCucumberTests" name="runScenario" time="7.054"/>
  <testcase classname="io.cucumber.testng.AbstractTestNGCucumberTests" name="runScenario" time="8.668">
    <failure type="java.lang.AssertionError" message="expected [benakba fakhreddine] but found [manda user]">
      <![CDATA[java.lang.AssertionError: expected [benakba fakhreddine] but found [manda user]
at StepDefinition.SecondScenario.user_checks_the_functionality_of_login(SecondScenario.java:32)
at ✽.User checks the functionality of login(file:///C:/Users/svs%20deepak/eclipse-workspace/orangeapplication_pagefactory/src/test/resources/Feature/sample1.feature:15)
... Removed 6 stack frames]]>
    </failure>
  </testcase> <!-- runScenario -->
  <testcase classname="io.cucumber.testng.AbstractTestNGCucumberTests" name="runScenario" time="10.577">
    <failure type="java.lang.AssertionError" message="expected [benakba fakhreddine] but found [manda user]">
      <![CDATA[java.lang.AssertionError: expected [benakba fakhreddine] but found [manda user]
at StepDefinition.SecondScenario.user_checks_the_functionality_of_login(SecondScenario.java:32)
at ✽.User checks the functionality of login(file:///C:/Users/svs%20deepak/eclipse-workspace/orangeapplication_pagefactory/src/test/resources/Feature/sample1.feature:15)
... Removed 6 stack frames]]>
    </failure>
  </testcase> <!-- runScenario -->
</testsuite> <!-- Test -->
