<?xml version="1.0" encoding="UTF-8"?>
<!-- Generated by org.testng.reporters.JUnitXMLReporter -->
<testsuite ignored="0" hostname="LAPTOP-FOPH4DRC" failures="1" tests="1" name="Test" time="11.071" errors="0" timestamp="2025-03-11T09:59:40 IST">
  <testcase classname="io.cucumber.testng.AbstractTestNGCucumberTests" name="runScenario" time="9.897">
    <failure type="java.lang.AssertionError" message="expected [benakba fakhreddine] but found [Nilesh Kumar]">
      <![CDATA[java.lang.AssertionError: expected [benakba fakhreddine] but found [Nilesh Kumar]
at StepDefinition.SecondScenario.user_checks_the_functionality_of_login(SecondScenario.java:32)
at âœ½.User checks the functionality of login(file:///C:/Users/svs%20deepak/eclipse-workspace/orangeapplication_pagefactory/src/test/resources/Feature/sample3.feature:9)
... Removed 6 stack frames]]>
    </failure>
  </testcase> <!-- runScenario -->
</testsuite> <!-- Test -->
