<?xml version="1.0" encoding="UTF-8"?>
<testng-results ignored="0" total="1" passed="0" failed="1" skipped="0">
  <reporter-output>
  </reporter-output>
  <suite started-at="2025-03-11T09:59:29 IST" name="Suite" finished-at="2025-03-11T09:59:40 IST" duration-ms="11071">
    <groups>
      <group name="cucumber">
        <method signature="AbstractTestNGCucumberTests.runScenario(io.cucumber.testng.PickleWrapper,io.cucumber.testng.FeatureWrapper)[pri:0, instance:TestRunner.SampletestNg@687e99d8]" name="runScenario" class="io.cucumber.testng.AbstractTestNGCucumberTests"/>
      </group> <!-- cucumber -->
    </groups>
    <test started-at="2025-03-11T09:59:29 IST" name="Test" finished-at="2025-03-11T09:59:40 IST" duration-ms="11071">
      <class name="TestRunner.SampletestNg">
        <test-method is-config="true" signature="setUpClass(org.testng.ITestContext)[pri:0, instance:TestRunner.SampletestNg@687e99d8]" started-at="2025-03-11T09:59:29 IST" name="setUpClass" finished-at="2025-03-11T09:59:30 IST" duration-ms="1013" status="PASS">
          <params>
            <param index="0">
              <value>
                <![CDATA[org.testng.TestRunner@6af90849]]>
              </value>
            </param>
          </params>
          <reporter-output>
          </reporter-output>
        </test-method> <!-- setUpClass -->
        <test-method signature="runScenario(io.cucumber.testng.PickleWrapper,io.cucumber.testng.FeatureWrapper)[pri:0, instance:TestRunner.SampletestNg@687e99d8]" started-at="2025-03-11T09:59:30 IST" name="runScenario" description="Runs Cucumber Scenarios" data-provider="scenarios" finished-at="2025-03-11T09:59:40 IST" duration-ms="9897" status="FAIL">
          <params>
            <param index="0">
              <value>
                <![CDATA["To check Login functionality of the application"]]>
              </value>
            </param>
            <param index="1">
              <value>
                <![CDATA["Unknown"]]>
              </value>
            </param>
          </params>
          <exception class="java.lang.AssertionError">
            <message>
              <![CDATA[expected [benakba fakhreddine] but found [Nilesh Kumar]]]>
            </message>
            <full-stacktrace>
              <![CDATA[java.lang.AssertionError: expected [benakba fakhreddine] but found [Nilesh Kumar]
at org.testng.Assert.fail(Assert.java:111)
at org.testng.Assert.failNotEquals(Assert.java:1578)
at org.testng.Assert.assertEqualsImpl(Assert.java:150)
at org.testng.Assert.assertEquals(Assert.java:132)
at org.testng.Assert.assertEquals(Assert.java:656)
at org.testng.Assert.assertEquals(Assert.java:666)
at StepDefinition.SecondScenario.user_checks_the_functionality_of_login(SecondScenario.java:32)
at âœ½.User checks the functionality of login(file:///C:/Users/svs%20deepak/eclipse-workspace/orangeapplication_pagefactory/src/test/resources/Feature/sample3.feature:9)
]]>
            </full-stacktrace>
          </exception> <!-- java.lang.AssertionError -->
          <reporter-output>
          </reporter-output>
        </test-method> <!-- runScenario -->
        <test-method is-config="true" signature="tearDownClass()[pri:0, instance:TestRunner.SampletestNg@687e99d8]" started-at="2025-03-11T09:59:40 IST" name="tearDownClass" finished-at="2025-03-11T09:59:40 IST" duration-ms="82" status="PASS">
          <reporter-output>
          </reporter-output>
        </test-method> <!-- tearDownClass -->
      </class> <!-- TestRunner.SampletestNg -->
    </test> <!-- Test -->
  </suite> <!-- Suite -->
</testng-results>
